<testsuite errors="0" failures="1" name="unittest.suite.TestSuite" tests="2" time="0.001">
  <testcase classname="__main__.MzpTest" name="test_Alice_tab_‚©‚«‚­‚«‚±‚ðNormal_tab_‚©‚«‚­‚¯‚±‚Æ‚µ‚Ä•Ô‚·" time="0.0010">
    <failure type="builtins.AssertionError">'Normal\t‚©‚«‚­‚¯‚±' != 'Normal\t‚ ‚¢‚¤‚¦‚¨'
- Normal	‚©‚«‚­‚¯‚±
+ Normal	‚ ‚¢‚¤‚¦‚¨

  File "C:\Python32\lib\unittest\case.py", line 387, in _executeTestPart
    function()
  File "mzp_test.py", line 14, in test_Alice_tab_‚©‚«‚­‚«‚±‚ðNormal_tab_‚©‚«‚­‚¯‚±‚Æ‚µ‚Ä•Ô‚·
    self.assertEqual("Normal\t‚©‚«‚­‚¯‚±", result)
  File "C:\Python32\lib\unittest\case.py", line 643, in assertEqual
    assertion_func(first, second, msg=msg)
  File "C:\Python32\lib\unittest\case.py", line 1060, in assertMultiLineEqual
    self.fail(self._formatMessage(msg, standardMsg))
  File "C:\Python32\lib\unittest\case.py", line 511, in fail
    raise self.failureException(msg)
    </failure>
  </testcase>
  <testcase classname="__main__.MzpTest" name="test_gab_km_tab_‚ ‚¢‚¤‚¦‚¨‚ðNormal_tab_‚ ‚¢‚¤‚¦‚¨‚Æ‚µ‚Ä•Ô‚·" time="0.0000"></testcase>
  <system-out><![CDATA[]]></system-out>
  <system-err><![CDATA[]]></system-err>
</testsuite>
